current directory: C:/Users/user/Desktop/demoapp/thout-opt-dir/gems/ovirt-engine-sdk-4.4.1/ext/ovirtsdk4c
C:/Ruby30-x64/bin/ruby.exe -I C:/Ruby30-x64/lib/ruby/site_ruby/3.0.0 -r ./siteconf20220225-9344-lvdr05.rb extconf.rb
checking for xml2-config... no
*** extconf.rb failed ***
Could not create Makefile due to some reason, probably lack of necessary
libraries and/or headers.  Check the mkmf.log file for more details.  You may
need configuration options.

Provided configuration options:
	--with-opt-dir
	--without-opt-dir
	--with-opt-include
	--without-opt-include=${opt-dir}/include
	--with-opt-lib
	--without-opt-lib=${opt-dir}/lib
	--with-make-prog
	--without-make-prog
	--srcdir=.
	--curdir
	--ruby=C:/Ruby30-x64/bin/$(RUBY_BASE_NAME)
	--with-libxml2-config
	--without-libxml2-config
	--with-pkg-config
	--without-pkg-config
extconf.rb:29:in `<main>': The "libxml2" package isn't available. (RuntimeError)

To see why this extension failed to compile, please check the mkmf.log which can be found here:

  C:/Users/user/Desktop/demoapp/thout-opt-dir/extensions/x64-mingw32/3.0.0/ovirt-engine-sdk-4.4.1/mkmf.log

extconf failed, exit code 1
